This is pdfTeX, Version 3.141592653-2.6-1.40.22 (TeX Live 2022/dev/Debian) (preloaded format=pdflatex 2024.2.23)  6 MAR 2024 11:39
entering extended mode
 restricted \write18 enabled.
 %&-line parsing enabled.
**document.tex
(./document.tex
LaTeX2e <2021-11-15> patch level 1
L3 programming layer <2022-01-21>
(/usr/share/texlive/texmf-dist/tex/latex/base/report.cls
Document Class: report 2021/10/04 v1.4n Standard LaTeX document class
(/usr/share/texlive/texmf-dist/tex/latex/base/size10.clo
File: size10.clo 2021/10/04 v1.4n Standard LaTeX file (size option)
)
\c@part=\count185
\c@chapter=\count186
\c@section=\count187
\c@subsection=\count188
\c@subsubsection=\count189
\c@paragraph=\count190
\c@subparagraph=\count191
\c@figure=\count192
\c@table=\count193
\abovecaptionskip=\skip47
\belowcaptionskip=\skip48
\bibindent=\dimen138
)
(/usr/share/texlive/texmf-dist/tex/latex/geometry/geometry.sty
Package: geometry 2020/01/02 v5.9 Page Geometry

(/usr/share/texlive/texmf-dist/tex/latex/graphics/keyval.sty
Package: keyval 2014/10/28 v1.15 key=value parser (DPC)
\KV@toks@=\toks16
)
(/usr/share/texlive/texmf-dist/tex/generic/iftex/ifvtex.sty
Package: ifvtex 2019/10/25 v1.7 ifvtex legacy package. Use iftex instead.

(/usr/share/texlive/texmf-dist/tex/generic/iftex/iftex.sty
Package: iftex 2020/03/06 v1.0d TeX engine tests
))
\Gm@cnth=\count194
\Gm@cntv=\count195
\c@Gm@tempcnt=\count196
\Gm@bindingoffset=\dimen139
\Gm@wd@mp=\dimen140
\Gm@odd@mp=\dimen141
\Gm@even@mp=\dimen142
\Gm@layoutwidth=\dimen143
\Gm@layoutheight=\dimen144
\Gm@layouthoffset=\dimen145
\Gm@layoutvoffset=\dimen146
\Gm@dimlist=\toks17
)
(/usr/share/texlive/texmf-dist/tex/latex/l3backend/l3backend-pdftex.def
File: l3backend-pdftex.def 2022-01-12 L3 backend support: PDF output (pdfTeX)
\l__color_backend_stack_int=\count197
\l__pdf_internal_box=\box50
)
(./document.aux)
\openout1 = `document.aux'.

LaTeX Font Info:    Checking defaults for OML/cmm/m/it on input line 7.
LaTeX Font Info:    ... okay on input line 7.
LaTeX Font Info:    Checking defaults for OMS/cmsy/m/n on input line 7.
LaTeX Font Info:    ... okay on input line 7.
LaTeX Font Info:    Checking defaults for OT1/cmr/m/n on input line 7.
LaTeX Font Info:    ... okay on input line 7.
LaTeX Font Info:    Checking defaults for T1/cmr/m/n on input line 7.
LaTeX Font Info:    ... okay on input line 7.
LaTeX Font Info:    Checking defaults for TS1/cmr/m/n on input line 7.
LaTeX Font Info:    ... okay on input line 7.
LaTeX Font Info:    Checking defaults for OMX/cmex/m/n on input line 7.
LaTeX Font Info:    ... okay on input line 7.
LaTeX Font Info:    Checking defaults for U/cmr/m/n on input line 7.
LaTeX Font Info:    ... okay on input line 7.

*geometry* driver: auto-detecting
*geometry* detected driver: pdftex
*geometry* verbose mode - [ preamble ] result:
* driver: pdftex
* paper: <default>
* layout: <same size as paper>
* layoutoffset:(h,v)=(0.0pt,0.0pt)
* modes: 
* h-part:(L,W,R)=(72.26999pt, 469.75502pt, 72.26999pt)
* v-part:(T,H,B)=(72.26999pt, 650.43001pt, 72.26999pt)
* \paperwidth=614.295pt
* \paperheight=794.96999pt
* \textwidth=469.75502pt
* \textheight=650.43001pt
* \oddsidemargin=0.0pt
* \evensidemargin=0.0pt
* \topmargin=-37.0pt
* \headheight=12.0pt
* \headsep=25.0pt
* \topskip=10.0pt
* \footskip=30.0pt
* \marginparwidth=65.0pt
* \marginparsep=11.0pt
* \columnsep=10.0pt
* \skip\footins=9.0pt plus 4.0pt minus 2.0pt
* \hoffset=0.0pt
* \voffset=0.0pt
* \mag=1000
* \@twocolumnfalse
* \@twosidefalse
* \@mparswitchfalse
* \@reversemarginfalse
* (1in=72.27pt=25.4mm, 1cm=28.453pt)

LaTeX Font Info:    External font `cmex10' loaded for size
(Font)              <12> on input line 9.
LaTeX Font Info:    External font `cmex10' loaded for size
(Font)              <8> on input line 9.
LaTeX Font Info:    External font `cmex10' loaded for size
(Font)              <6> on input line 9.
[1

{/var/lib/texmf/fonts/map/pdftex/updmap/pdftex.map}]
Chapter 1.

Overfull \hbox (6.69026pt too wide) in paragraph at lines 15--16
\OT1/cmr/m/n/10 La ges-tion et le traite-ment de l'information ont tou-jours ^^
Set^^Se des d^^Sefis ma-jeurs dans le do-maine de l'informatique.
 []

[1

] [2]
Chapter 2.

Overfull \hbox (6.69026pt too wide) in paragraph at lines 67--68
\OT1/cmr/m/n/10 La ges-tion et le traite-ment de l'information ont tou-jours ^^
Set^^Se des d^^Sefis ma-jeurs dans le do-maine de l'informatique.
 []

[3

]
Overfull \hbox (3.98645pt too wide) in paragraph at lines 82--83
\OT1/cmr/m/n/10 pr^^Sedictifs. Cela per-met aux or-gan-i-sa-tions de pr^^Sevoir
 des ^^Sev^^Senements fu-turs, de pren-dre des mesures pr^^Seventives
 []

[4] [5] [6] [7] [8] [9]
Chapter 3.
[10

] [11]
Chapter 4.
[12

] [13] (./document.aux) ) 
Here is how much of TeX's memory you used:
 1056 strings out of 480247
 17589 string characters out of 5896151
 321396 words of memory out of 5000000
 19056 multiletter control sequences out of 15000+600000
 474427 words of font info for 45 fonts, out of 8000000 for 9000
 14 hyphenation exceptions out of 8191
 55i,7n,62p,1981b,194s stack positions out of 5000i,500n,10000p,200000b,80000s
</usr/share/texlive/texmf-dist/fonts/type1/public/amsf
onts/cm/cmbx10.pfb></usr/share/texlive/texmf-dist/fonts/type1/public/amsfonts/c
m/cmbx12.pfb></usr/share/texlive/texmf-dist/fonts/type1/public/amsfonts/cm/cmr1
0.pfb></usr/share/texlive/texmf-dist/fonts/type1/public/amsfonts/cm/cmr12.pfb><
/usr/share/texlive/texmf-dist/fonts/type1/public/amsfonts/cm/cmr17.pfb>
Output written on document.pdf (14 pages, 117910 bytes).
PDF statistics:
 75 PDF objects out of 1000 (max. 8388607)
 48 compressed objects within 1 object stream
 0 named destinations out of 1000 (max. 500000)
 1 words of extra memory for PDF output out of 10000 (max. 10000000)







	\subsubsection{Choix, intérêts et avantages}
		Choisir \textbf{Protege} comme outil de modélisation et de gestion des ontologies présente plusieurs avantages par rapport à d'autres outils similaires :
		
	
	\begin{table}
		\begin{tabular}{|m{4cm}|m{12cm}|} % Définit deux colonnes de largeur fixe
			\hline
			\textbf{Elements} & \textbf{Descriptions} \\
			\hline
			Large communauté et support actif & Protege est largement utilisé dans la communauté de la recherche en intelligence artificielle et du Web sémantique, ce qui signifie qu'il bénéficie d'une grande communauté d'utilisateurs et de développeurs. Cela garantit un support actif, des forums de discussion animés et une documentation riche. \\
			\hline
			Interface utilisateur conviviale & Protege offre une interface utilisateur conviviale et intuitive qui facilite la modélisation, l'édition et la visualisation des ontologies. Cela le rend accessible même aux utilisateurs débutants dans le domaine de la représentation des connaissances. \\
			\hline
			Fonctionnalités avancées & Protege offre un large éventail de fonctionnalités avancées pour la modélisation et la gestion des ontologies, y compris la validation d'ontologie, le raisonnement automatique, la visualisation graphique des ontologies, la gestion des versions et bien plus encore. \\
			\hline
			Interopérabilité & Protege prend en charge les standards du Web sémantique tels que RDF, OWL et SWRL, ce qui garantit l'interopérabilité avec d'autres outils et systèmes compatibles avec ces standards. Cela facilite l'intégration de Protege dans des pipelines de traitement des connaissances existants. \\
			\hline
			Extensions et plugins & Protege offre un système d'extensions et de plugins qui permet aux utilisateurs d'étendre ses fonctionnalités de base en fonction de leurs besoins spécifiques. Cela permet une personnalisation et une adaptation facile de Protege à divers contextes d'utilisation. \\
			\hline
			Évolution continue & Protege est un projet open source actif qui continue à évoluer et à s'améliorer au fil du temps. Les nouvelles versions sont régulièrement publiées, intégrant des fonctionnalités améliorées, des corrections de bugs et des améliorations de performance. \\
			\hline
		\end{tabular}
		\caption{Avantages de Protege}
		\label{tab:protege_advantages}
	\end{table} 



	\begin{enumerate}
		\item \textbf{\large{Classes}}
		\begin{itemize}
			\item MaladieDuManioc
			\item Symptôme
			\item Cause
			\item Traitement
		\end{itemize}
		
		\item \textbf{\large{Propriétés}}
		\begin{itemize}
			\item aPourSymptôme (propriété d'objet entre une maladie du manioc et ses symptômes)
			\item aPourCause (propriété d'objet entre une maladie du manioc et ses causes)
			\item aPourTraitement (propriété d'objet entre une maladie du manioc et ses traitements)
			\item aPourImage (propriété de données entre une maladie du manioc et son image représentative)
		\end{itemize}
		
		\item \textbf{\large{Axiomes}}
		\begin{itemize}
			\item Une maladie du manioc a au moins un symptôme.
			\item Une maladie du manioc a au moins une cause.
			\item Une maladie du manioc a au moins un traitement.
		\end{itemize}
		
		\item \textbf{\large{Instances}}
		\begin{itemize}
			\item MaladieDuManioc : Maladie de la mosaïque, Maladie des stries brunes, Marbrure verte, Brûlure bactérienne
			\item Symptôme : DécolorationDesFeuilles, Nécrose.
			\item Cause : Virus, Bactéries.
			\item Traitement : UtilisationDePesticides, ModificationDuSol, UtilisationDeCultivarsResistants, Contrôle des vecteurs
		\end{itemize}

	\end{enumerate}