\BOOKMARK [0][-]{chapter*.4}{\376\377\000L\000I\000S\000T\000E\000\040\000D\000E\000S\000\040\000F\000I\000G\000U\000R\000E\000S}{}% 1
\BOOKMARK [0][-]{chapter*.5}{\376\377\000L\000I\000S\000T\000E\000\040\000D\000E\000S\000\040\000A\000B\000R\000\311\000V\000I\000A\000T\000I\000O\000N\000S}{}% 2
\BOOKMARK [0][-]{chapter*.6}{\376\377\000I\000N\000T\000R\000O\000D\000U\000C\000T\000I\000O\000N\000\040\000G\000\311\000N\000\311\000R\000A\000L\000E}{}% 3
\BOOKMARK [0][-]{chapter.1}{\376\377\000E\000T\000A\000T\000\040\000D\000E\000\040\000L\000'\000A\000R\000T}{}% 4
\BOOKMARK [1][-]{section.1.1}{\376\377\000I\000n\000t\000r\000o\000d\000u\000c\000t\000i\000o\000n}{chapter.1}% 5
\BOOKMARK [1][-]{section.1.2}{\376\377\000L\000'\000a\000n\000a\000l\000y\000s\000e\000\040\000s\000\351\000m\000a\000n\000t\000i\000q\000u\000e\000\040\000d\000e\000s\000\040\000i\000m\000a\000g\000e\000s}{chapter.1}% 6
\BOOKMARK [2][-]{subsection.1.2.1}{\376\377\000D\000e\000f\000i\000n\000i\000t\000i\000o\000n}{section.1.2}% 7
\BOOKMARK [2][-]{subsection.1.2.2}{\376\377\000L\000e\000\040\000W\000e\000b\000\040\000s\000\351\000m\000a\000n\000t\000i\000q\000u\000e}{section.1.2}% 8
\BOOKMARK [2][-]{subsection.1.2.3}{\376\377\000R\000a\000p\000p\000o\000r\000t\000\040\000e\000n\000t\000r\000e\000\040\000L\000'\000a\000n\000a\000l\000y\000s\000e\000\040\000s\000\351\000m\000a\000n\000t\000i\000q\000u\000e\000\040\000d\000e\000s\000\040\000i\000m\000a\000g\000e\000s\000\040\000e\000t\000\040\000l\000e\000\040\000L\000e\000\040\000W\000e\000b\000\040\000s\000\351\000m\000a\000n\000t\000i\000q\000u\000e}{section.1.2}% 9
\BOOKMARK [1][-]{section.1.3}{\376\377\000A\000n\000n\000o\000t\000a\000t\000i\000o\000n\000\040\000d\000e\000\040\000D\000o\000n\000n\000\351\000e\000s}{chapter.1}% 10
\BOOKMARK [2][-]{subsection.1.3.1}{\376\377\000D\000e\000f\000i\000n\000i\000t\000i\000o\000n}{section.1.3}% 11
\BOOKMARK [2][-]{subsection.1.3.2}{\376\377\000M\000\351\000t\000h\000o\000d\000e\000\040\000d\000'\000a\000n\000n\000o\000t\000a\000t\000i\000o\000n}{section.1.3}% 12
\BOOKMARK [2][-]{subsection.1.3.3}{\376\377\000O\000u\000t\000i\000l\000s\000\040\000d\000'\000a\000n\000n\000o\000t\000a\000t\000i\000o\000n}{section.1.3}% 13
\BOOKMARK [2][-]{subsection.1.3.4}{\376\377\000G\000e\000s\000t\000i\000o\000n\000\040\000d\000'\000o\000n\000t\000o\000l\000o\000g\000i\000e}{section.1.3}% 14
\BOOKMARK [3][-]{subsubsection.1.3.4.1}{\376\377\000D\000e\000f\000i\000n\000i\000t\000i\000o\000n}{subsection.1.3.4}% 15
\BOOKMARK [2][-]{subsection.1.3.5}{\376\377\000R\000a\000p\000p\000o\000r\000t\000\040\000e\000n\000t\000r\000e\000\040\000u\000n\000e\000\040\000o\000n\000t\000o\000l\000o\000g\000i\000e\000\040\000e\000t\000\040\000l\000e\000\040\000w\000e\000b\000\040\000s\000\351\000m\000a\000n\000t\000i\000q\000u\000e}{section.1.3}% 16
\BOOKMARK [2][-]{subsection.1.3.6}{\376\377\000O\000u\000t\000i\000l\000s\000\040\000d\000e\000\040\000m\000o\000d\000\351\000l\000i\000s\000a\000t\000i\000o\000n\000\040\000o\000n\000t\000o\000l\000o\000g\000i\000q\000u\000e}{section.1.3}% 17
\BOOKMARK [1][-]{section.1.4}{\376\377\000C\000O\000N\000C\000L\000U\000S\000I\000O\000N}{chapter.1}% 18
\BOOKMARK [0][-]{chapter.2}{\376\377\000C\000O\000N\000C\000E\000P\000T\000I\000O\000N}{}% 19
\BOOKMARK [1][-]{section.2.1}{\376\377\000I\000N\000T\000R\000O\000D\000U\000C\000T\000I\000O\000N}{chapter.2}% 20
\BOOKMARK [1][-]{section.2.2}{\376\377\000A\000n\000n\000o\000t\000a\000t\000i\000o\000n}{chapter.2}% 21
\BOOKMARK [2][-]{subsection.2.2.1}{\376\377\000M\000i\000s\000e\000\040\000e\000n\000\040\000p\000l\000a\000c\000e\000\040\000d\000e\000\040\000l\000'\000o\000n\000t\000o\000l\000o\000g\000i\000e}{section.2.2}% 22
\BOOKMARK [2][-]{subsection.2.2.2}{\376\377\000C\000o\000l\000l\000e\000c\000t\000e\000\040\000d\000\264\000i\000n\000f\000o\000r\000m\000a\000t\000i\000o\000n\000\040\000\050\000L\000e\000\040\000D\000a\000t\000a\000s\000e\000t\000\051}{section.2.2}% 23
\BOOKMARK [2][-]{subsection.2.2.3}{\376\377\000C\000o\000n\000c\000e\000p\000t\000u\000a\000l\000i\000s\000a\000t\000i\000o\000n}{section.2.2}% 24
\BOOKMARK [2][-]{subsection.2.2.4}{\376\377\000E\000x\000t\000r\000a\000c\000t\000i\000o\000n\000\040\000d\000e\000s\000\040\000c\000a\000r\000a\000c\000t\000\351\000r\000i\000s\000t\000i\000q\000u\000e\000s}{section.2.2}% 25
\BOOKMARK [3][-]{subsubsection.2.2.4.1}{\376\377\000L\000e\000s\000\040\000d\000e\000s\000c\000r\000i\000p\000t\000e\000u\000r\000s\000\040\000d\000e\000\040\000c\000o\000u\000l\000e\000u\000r}{subsection.2.2.4}% 26
\BOOKMARK [3][-]{subsubsection.2.2.4.2}{\376\377\000D\000e\000s\000c\000r\000i\000p\000t\000e\000u\000r\000\040\000d\000e\000\040\000C\000o\000n\000t\000o\000u\000r}{subsection.2.2.4}% 27
\BOOKMARK [3][-]{subsubsection.2.2.4.3}{\376\377\000D\000e\000s\000c\000r\000i\000p\000t\000e\000u\000r\000\040\000d\000e\000\040\000T\000e\000x\000t\000u\000r\000e}{subsection.2.2.4}% 28
\BOOKMARK [3][-]{subsubsection.2.2.4.4}{\376\377\000D\000e\000s\000c\000r\000i\000p\000t\000e\000u\000r\000s\000\040\000d\000e\000s\000\040\000S\000y\000m\000p\000t\000\364\000m\000e\000s\000\040\000d\000e\000s\000\040\000F\000e\000u\000i\000l\000l\000e\000s}{subsection.2.2.4}% 29
\BOOKMARK [3][-]{subsubsection.2.2.4.5}{\376\377\000A\000n\000a\000l\000y\000s\000e\000\040\000d\000e\000s\000\040\000S\000y\000m\000p\000t\000\364\000m\000e\000s\000\040\000d\000e\000s\000\040\000R\000a\000c\000i\000n\000e\000s\000\040\000d\000e\000\040\000M\000a\000n\000i\000o\000c}{subsection.2.2.4}% 30
\BOOKMARK [3][-]{subsubsection.2.2.4.6}{\376\377\000A\000n\000a\000l\000y\000s\000e\000\040\000d\000e\000s\000\040\000S\000y\000m\000p\000t\000\364\000m\000e\000s\000\040\000d\000e\000s\000\040\000T\000i\000g\000e\000s\000\040\000d\000e\000\040\000M\000a\000n\000i\000o\000c}{subsection.2.2.4}% 31
\BOOKMARK [2][-]{subsection.2.2.5}{\376\377\000E\000x\000t\000e\000n\000s\000i\000o\000n\000\040\000d\000e\000\040\000l\000\264\000O\000n\000t\000o\000l\000o\000g\000i\000e}{section.2.2}% 32
\BOOKMARK [1][-]{section.2.3}{\376\377\000C\000O\000N\000C\000L\000U\000S\000I\000O\000N}{chapter.2}% 33
\BOOKMARK [0][-]{chapter*.30}{\376\377\000C\000O\000N\000C\000L\000U\000S\000I\000O\000N\000\040\000G\000\311\000N\000\311\000R\000A\000L\000E}{}% 34
\BOOKMARK [0][-]{chapter*.30}{\376\377\000B\000I\000B\000L\000I\000O\000G\000R\000A\000P\000H\000I\000E}{}% 35
\BOOKMARK [0][-]{chapter*.32}{\376\377\000A\000N\000N\000E\000X\000E\000S}{}% 36
\BOOKMARK [1][-]{section.Alph0.1}{\376\377\000T\000I\000T\000R\000E\000\040\000A\000N\000N\000E\000X\000E\000\040\0001}{chapter*.32}% 37
\BOOKMARK [1][-]{section.Alph0.2}{\376\377\000T\000I\000T\000R\000E\000\040\000A\000N\000N\000E\000X\000E\000\040\0002}{chapter*.32}% 38
